{"/Users/tanxing/projects/matrix/matrix.js": {"path":"/Users/tanxing/projects/matrix/matrix.js","statementMap":{"0":{"start":{"line":1,"column":13},"end":{"line":644,"column":3}},"1":{"start":{"line":6,"column":20},"end":{"line":11,"column":9}},"2":{"start":{"line":16,"column":18},"end":{"line":16,"column":65}},"3":{"start":{"line":24,"column":16},"end":{"line":26,"column":9}},"4":{"start":{"line":25,"column":12},"end":{"line":25,"column":85}},"5":{"start":{"line":34,"column":19},"end":{"line":47,"column":9}},"6":{"start":{"line":35,"column":12},"end":{"line":35,"column":30}},"7":{"start":{"line":36,"column":12},"end":{"line":36,"column":42}},"8":{"start":{"line":37,"column":12},"end":{"line":39,"column":13}},"9":{"start":{"line":38,"column":16},"end":{"line":38,"column":24}},"10":{"start":{"line":40,"column":12},"end":{"line":42,"column":13}},"11":{"start":{"line":41,"column":16},"end":{"line":41,"column":27}},"12":{"start":{"line":43,"column":12},"end":{"line":43,"column":46}},"13":{"start":{"line":44,"column":12},"end":{"line":44,"column":33}},"14":{"start":{"line":45,"column":12},"end":{"line":45,"column":55}},"15":{"start":{"line":46,"column":12},"end":{"line":46,"column":31}},"16":{"start":{"line":54,"column":15},"end":{"line":56,"column":9}},"17":{"start":{"line":55,"column":12},"end":{"line":55,"column":62}},"18":{"start":{"line":63,"column":15},"end":{"line":65,"column":9}},"19":{"start":{"line":64,"column":12},"end":{"line":64,"column":62}},"20":{"start":{"line":72,"column":15},"end":{"line":74,"column":9}},"21":{"start":{"line":73,"column":12},"end":{"line":73,"column":62}},"22":{"start":{"line":87,"column":19},"end":{"line":87,"column":28}},"23":{"start":{"line":88,"column":22},"end":{"line":88,"column":23}},"24":{"start":{"line":88,"column":31},"end":{"line":88,"column":36}},"25":{"start":{"line":89,"column":8},"end":{"line":91,"column":9}},"26":{"start":{"line":90,"column":12},"end":{"line":90,"column":36}},"27":{"start":{"line":92,"column":8},"end":{"line":96,"column":9}},"28":{"start":{"line":93,"column":12},"end":{"line":93,"column":27}},"29":{"start":{"line":94,"column":15},"end":{"line":96,"column":9}},"30":{"start":{"line":95,"column":12},"end":{"line":95,"column":24}},"31":{"start":{"line":97,"column":8},"end":{"line":102,"column":9}},"32":{"start":{"line":98,"column":12},"end":{"line":98,"column":25}},"33":{"start":{"line":99,"column":12},"end":{"line":101,"column":13}},"34":{"start":{"line":100,"column":16},"end":{"line":100,"column":83}},"35":{"start":{"line":107,"column":4},"end":{"line":107,"column":25}},"36":{"start":{"line":112,"column":14},"end":{"line":112,"column":35}},"37":{"start":{"line":114,"column":4},"end":{"line":114,"column":29}},"38":{"start":{"line":121,"column":4},"end":{"line":132,"column":5}},"39":{"start":{"line":122,"column":22},"end":{"line":122,"column":23}},"40":{"start":{"line":123,"column":18},"end":{"line":123,"column":29}},"41":{"start":{"line":124,"column":8},"end":{"line":128,"column":9}},"42":{"start":{"line":125,"column":12},"end":{"line":127,"column":13}},"43":{"start":{"line":126,"column":16},"end":{"line":126,"column":42}},"44":{"start":{"line":129,"column":8},"end":{"line":129,"column":42}},"45":{"start":{"line":130,"column":8},"end":{"line":130,"column":19}},"46":{"start":{"line":131,"column":8},"end":{"line":131,"column":19}},"47":{"start":{"line":139,"column":4},"end":{"line":141,"column":5}},"48":{"start":{"line":140,"column":8},"end":{"line":140,"column":35}},"49":{"start":{"line":149,"column":4},"end":{"line":151,"column":5}},"50":{"start":{"line":150,"column":8},"end":{"line":150,"column":38}},"51":{"start":{"line":158,"column":4},"end":{"line":160,"column":5}},"52":{"start":{"line":159,"column":8},"end":{"line":159,"column":35}},"53":{"start":{"line":169,"column":5},"end":{"line":171,"column":6}},"54":{"start":{"line":170,"column":8},"end":{"line":170,"column":50}},"55":{"start":{"line":179,"column":4},"end":{"line":181,"column":5}},"56":{"start":{"line":180,"column":8},"end":{"line":180,"column":47}},"57":{"start":{"line":189,"column":4},"end":{"line":191,"column":5}},"58":{"start":{"line":190,"column":8},"end":{"line":190,"column":47}},"59":{"start":{"line":199,"column":4},"end":{"line":201,"column":5}},"60":{"start":{"line":200,"column":8},"end":{"line":200,"column":47}},"61":{"start":{"line":211,"column":4},"end":{"line":213,"column":5}},"62":{"start":{"line":212,"column":8},"end":{"line":212,"column":53}},"63":{"start":{"line":221,"column":4},"end":{"line":223,"column":5}},"64":{"start":{"line":222,"column":8},"end":{"line":222,"column":49}},"65":{"start":{"line":231,"column":4},"end":{"line":233,"column":5}},"66":{"start":{"line":232,"column":8},"end":{"line":232,"column":50}},"67":{"start":{"line":241,"column":4},"end":{"line":243,"column":5}},"68":{"start":{"line":242,"column":8},"end":{"line":242,"column":50}},"69":{"start":{"line":254,"column":4},"end":{"line":256,"column":5}},"70":{"start":{"line":255,"column":8},"end":{"line":255,"column":49}},"71":{"start":{"line":265,"column":4},"end":{"line":267,"column":5}},"72":{"start":{"line":266,"column":8},"end":{"line":266,"column":48}},"73":{"start":{"line":275,"column":4},"end":{"line":277,"column":5}},"74":{"start":{"line":276,"column":8},"end":{"line":276,"column":45}},"75":{"start":{"line":285,"column":4},"end":{"line":287,"column":5}},"76":{"start":{"line":286,"column":8},"end":{"line":286,"column":45}},"77":{"start":{"line":296,"column":4},"end":{"line":303,"column":5}},"78":{"start":{"line":297,"column":16},"end":{"line":297,"column":28}},"79":{"start":{"line":298,"column":8},"end":{"line":298,"column":20}},"80":{"start":{"line":299,"column":8},"end":{"line":299,"column":20}},"81":{"start":{"line":300,"column":8},"end":{"line":300,"column":20}},"82":{"start":{"line":301,"column":8},"end":{"line":301,"column":20}},"83":{"start":{"line":302,"column":8},"end":{"line":302,"column":17}},"84":{"start":{"line":312,"column":4},"end":{"line":322,"column":5}},"85":{"start":{"line":313,"column":22},"end":{"line":313,"column":23}},"86":{"start":{"line":314,"column":8},"end":{"line":320,"column":9}},"87":{"start":{"line":315,"column":12},"end":{"line":319,"column":13}},"88":{"start":{"line":316,"column":16},"end":{"line":318,"column":17}},"89":{"start":{"line":317,"column":20},"end":{"line":317,"column":33}},"90":{"start":{"line":321,"column":8},"end":{"line":321,"column":20}},"91":{"start":{"line":330,"column":4},"end":{"line":340,"column":5}},"92":{"start":{"line":331,"column":22},"end":{"line":331,"column":23}},"93":{"start":{"line":332,"column":8},"end":{"line":338,"column":9}},"94":{"start":{"line":333,"column":12},"end":{"line":337,"column":13}},"95":{"start":{"line":334,"column":16},"end":{"line":336,"column":17}},"96":{"start":{"line":335,"column":20},"end":{"line":335,"column":33}},"97":{"start":{"line":339,"column":8},"end":{"line":339,"column":20}},"98":{"start":{"line":350,"column":4},"end":{"line":369,"column":5}},"99":{"start":{"line":352,"column":18},"end":{"line":352,"column":26}},"100":{"start":{"line":352,"column":35},"end":{"line":352,"column":36}},"101":{"start":{"line":353,"column":19},"end":{"line":353,"column":20}},"102":{"start":{"line":354,"column":8},"end":{"line":363,"column":9}},"103":{"start":{"line":355,"column":12},"end":{"line":361,"column":13}},"104":{"start":{"line":356,"column":16},"end":{"line":356,"column":25}},"105":{"start":{"line":357,"column":16},"end":{"line":359,"column":17}},"106":{"start":{"line":358,"column":20},"end":{"line":358,"column":46}},"107":{"start":{"line":360,"column":16},"end":{"line":360,"column":62}},"108":{"start":{"line":362,"column":12},"end":{"line":362,"column":26}},"109":{"start":{"line":364,"column":8},"end":{"line":366,"column":9}},"110":{"start":{"line":365,"column":12},"end":{"line":365,"column":44}},"111":{"start":{"line":367,"column":8},"end":{"line":367,"column":22}},"112":{"start":{"line":368,"column":8},"end":{"line":368,"column":19}},"113":{"start":{"line":378,"column":4},"end":{"line":386,"column":5}},"114":{"start":{"line":380,"column":8},"end":{"line":384,"column":9}},"115":{"start":{"line":381,"column":12},"end":{"line":383,"column":13}},"116":{"start":{"line":382,"column":16},"end":{"line":382,"column":67}},"117":{"start":{"line":385,"column":8},"end":{"line":385,"column":17}},"118":{"start":{"line":398,"column":4},"end":{"line":414,"column":5}},"119":{"start":{"line":399,"column":8},"end":{"line":409,"column":9}},"120":{"start":{"line":400,"column":12},"end":{"line":408,"column":13}},"121":{"start":{"line":401,"column":16},"end":{"line":401,"column":25}},"122":{"start":{"line":402,"column":16},"end":{"line":402,"column":25}},"123":{"start":{"line":403,"column":16},"end":{"line":403,"column":25}},"124":{"start":{"line":405,"column":16},"end":{"line":405,"column":24}},"125":{"start":{"line":406,"column":16},"end":{"line":406,"column":24}},"126":{"start":{"line":407,"column":16},"end":{"line":407,"column":24}},"127":{"start":{"line":410,"column":8},"end":{"line":410,"column":19}},"128":{"start":{"line":411,"column":8},"end":{"line":411,"column":19}},"129":{"start":{"line":412,"column":8},"end":{"line":412,"column":19}},"130":{"start":{"line":413,"column":8},"end":{"line":413,"column":23}},"131":{"start":{"line":425,"column":4},"end":{"line":433,"column":5}},"132":{"start":{"line":426,"column":19},"end":{"line":426,"column":45}},"133":{"start":{"line":427,"column":17},"end":{"line":427,"column":30}},"134":{"start":{"line":429,"column":8},"end":{"line":431,"column":43}},"135":{"start":{"line":432,"column":8},"end":{"line":432,"column":17}},"136":{"start":{"line":441,"column":4},"end":{"line":444,"column":5}},"137":{"start":{"line":442,"column":8},"end":{"line":442,"column":30}},"138":{"start":{"line":443,"column":8},"end":{"line":443,"column":99}},"139":{"start":{"line":452,"column":4},"end":{"line":455,"column":5}},"140":{"start":{"line":453,"column":8},"end":{"line":453,"column":30}},"141":{"start":{"line":454,"column":8},"end":{"line":454,"column":99}},"142":{"start":{"line":463,"column":4},"end":{"line":466,"column":5}},"143":{"start":{"line":464,"column":8},"end":{"line":464,"column":30}},"144":{"start":{"line":465,"column":8},"end":{"line":465,"column":99}},"145":{"start":{"line":477,"column":4},"end":{"line":485,"column":5}},"146":{"start":{"line":478,"column":19},"end":{"line":478,"column":45}},"147":{"start":{"line":479,"column":17},"end":{"line":479,"column":30}},"148":{"start":{"line":481,"column":8},"end":{"line":483,"column":49}},"149":{"start":{"line":484,"column":8},"end":{"line":484,"column":17}},"150":{"start":{"line":493,"column":4},"end":{"line":497,"column":5}},"151":{"start":{"line":494,"column":16},"end":{"line":494,"column":29}},"152":{"start":{"line":495,"column":8},"end":{"line":495,"column":22}},"153":{"start":{"line":496,"column":8},"end":{"line":496,"column":17}},"154":{"start":{"line":505,"column":4},"end":{"line":509,"column":5}},"155":{"start":{"line":506,"column":16},"end":{"line":506,"column":29}},"156":{"start":{"line":507,"column":8},"end":{"line":507,"column":22}},"157":{"start":{"line":508,"column":8},"end":{"line":508,"column":17}},"158":{"start":{"line":517,"column":4},"end":{"line":521,"column":5}},"159":{"start":{"line":518,"column":16},"end":{"line":518,"column":29}},"160":{"start":{"line":519,"column":8},"end":{"line":519,"column":22}},"161":{"start":{"line":520,"column":8},"end":{"line":520,"column":17}},"162":{"start":{"line":532,"column":4},"end":{"line":540,"column":5}},"163":{"start":{"line":533,"column":19},"end":{"line":533,"column":45}},"164":{"start":{"line":534,"column":17},"end":{"line":534,"column":30}},"165":{"start":{"line":536,"column":8},"end":{"line":538,"column":43}},"166":{"start":{"line":539,"column":8},"end":{"line":539,"column":17}},"167":{"start":{"line":548,"column":4},"end":{"line":552,"column":5}},"168":{"start":{"line":549,"column":16},"end":{"line":549,"column":29}},"169":{"start":{"line":550,"column":8},"end":{"line":550,"column":22}},"170":{"start":{"line":551,"column":8},"end":{"line":551,"column":17}},"171":{"start":{"line":560,"column":4},"end":{"line":564,"column":5}},"172":{"start":{"line":561,"column":16},"end":{"line":561,"column":29}},"173":{"start":{"line":562,"column":8},"end":{"line":562,"column":22}},"174":{"start":{"line":563,"column":8},"end":{"line":563,"column":17}},"175":{"start":{"line":572,"column":4},"end":{"line":576,"column":5}},"176":{"start":{"line":573,"column":16},"end":{"line":573,"column":29}},"177":{"start":{"line":574,"column":8},"end":{"line":574,"column":22}},"178":{"start":{"line":575,"column":8},"end":{"line":575,"column":17}},"179":{"start":{"line":586,"column":4},"end":{"line":593,"column":5}},"180":{"start":{"line":587,"column":19},"end":{"line":587,"column":45}},"181":{"start":{"line":588,"column":17},"end":{"line":588,"column":30}},"182":{"start":{"line":590,"column":8},"end":{"line":591,"column":42}},"183":{"start":{"line":592,"column":8},"end":{"line":592,"column":17}},"184":{"start":{"line":601,"column":4},"end":{"line":604,"column":5}},"185":{"start":{"line":602,"column":8},"end":{"line":602,"column":30}},"186":{"start":{"line":603,"column":8},"end":{"line":603,"column":78}},"187":{"start":{"line":612,"column":4},"end":{"line":615,"column":5}},"188":{"start":{"line":613,"column":8},"end":{"line":613,"column":30}},"189":{"start":{"line":614,"column":8},"end":{"line":614,"column":78}},"190":{"start":{"line":624,"column":4},"end":{"line":629,"column":5}},"191":{"start":{"line":625,"column":8},"end":{"line":627,"column":9}},"192":{"start":{"line":626,"column":12},"end":{"line":626,"column":76}},"193":{"start":{"line":628,"column":8},"end":{"line":628,"column":31}},"194":{"start":{"line":637,"column":4},"end":{"line":642,"column":5}},"195":{"start":{"line":638,"column":8},"end":{"line":640,"column":9}},"196":{"start":{"line":639,"column":12},"end":{"line":639,"column":76}},"197":{"start":{"line":641,"column":8},"end":{"line":641,"column":31}},"198":{"start":{"line":643,"column":4},"end":{"line":643,"column":18}},"199":{"start":{"line":650,"column":0},"end":{"line":652,"column":1}},"200":{"start":{"line":651,"column":4},"end":{"line":651,"column":28}}},"fnMap":{"0":{"name":"(anonymous_0)","decl":{"start":{"line":1,"column":13},"end":{"line":1,"column":14}},"loc":{"start":{"line":1,"column":24},"end":{"line":644,"column":1}},"line":1},"1":{"name":"(anonymous_1)","decl":{"start":{"line":24,"column":32},"end":{"line":24,"column":33}},"loc":{"start":{"line":24,"column":46},"end":{"line":26,"column":9}},"line":24},"2":{"name":"(anonymous_2)","decl":{"start":{"line":34,"column":19},"end":{"line":34,"column":20}},"loc":{"start":{"line":34,"column":38},"end":{"line":47,"column":9}},"line":34},"3":{"name":"(anonymous_3)","decl":{"start":{"line":54,"column":15},"end":{"line":54,"column":16}},"loc":{"start":{"line":54,"column":29},"end":{"line":56,"column":9}},"line":54},"4":{"name":"(anonymous_4)","decl":{"start":{"line":63,"column":15},"end":{"line":63,"column":16}},"loc":{"start":{"line":63,"column":29},"end":{"line":65,"column":9}},"line":63},"5":{"name":"(anonymous_5)","decl":{"start":{"line":72,"column":15},"end":{"line":72,"column":16}},"loc":{"start":{"line":72,"column":29},"end":{"line":74,"column":9}},"line":72},"6":{"name":"Matrix","decl":{"start":{"line":86,"column":13},"end":{"line":86,"column":19}},"loc":{"start":{"line":86,"column":22},"end":{"line":103,"column":5}},"line":86},"7":{"name":"(anonymous_7)","decl":{"start":{"line":121,"column":19},"end":{"line":121,"column":20}},"loc":{"start":{"line":121,"column":30},"end":{"line":132,"column":5}},"line":121},"8":{"name":"(anonymous_8)","decl":{"start":{"line":139,"column":14},"end":{"line":139,"column":15}},"loc":{"start":{"line":139,"column":26},"end":{"line":141,"column":5}},"line":139},"9":{"name":"(anonymous_9)","decl":{"start":{"line":149,"column":15},"end":{"line":149,"column":16}},"loc":{"start":{"line":149,"column":29},"end":{"line":151,"column":5}},"line":149},"10":{"name":"(anonymous_10)","decl":{"start":{"line":158,"column":15},"end":{"line":158,"column":16}},"loc":{"start":{"line":158,"column":27},"end":{"line":160,"column":5}},"line":158},"11":{"name":"(anonymous_11)","decl":{"start":{"line":169,"column":18},"end":{"line":169,"column":19}},"loc":{"start":{"line":169,"column":36},"end":{"line":171,"column":6}},"line":169},"12":{"name":"(anonymous_12)","decl":{"start":{"line":179,"column":18},"end":{"line":179,"column":19}},"loc":{"start":{"line":179,"column":32},"end":{"line":181,"column":5}},"line":179},"13":{"name":"(anonymous_13)","decl":{"start":{"line":189,"column":18},"end":{"line":189,"column":19}},"loc":{"start":{"line":189,"column":32},"end":{"line":191,"column":5}},"line":189},"14":{"name":"(anonymous_14)","decl":{"start":{"line":199,"column":18},"end":{"line":199,"column":19}},"loc":{"start":{"line":199,"column":32},"end":{"line":201,"column":5}},"line":199},"15":{"name":"(anonymous_15)","decl":{"start":{"line":211,"column":20},"end":{"line":211,"column":21}},"loc":{"start":{"line":211,"column":38},"end":{"line":213,"column":5}},"line":211},"16":{"name":"(anonymous_16)","decl":{"start":{"line":221,"column":21},"end":{"line":221,"column":22}},"loc":{"start":{"line":221,"column":35},"end":{"line":223,"column":5}},"line":221},"17":{"name":"(anonymous_17)","decl":{"start":{"line":231,"column":21},"end":{"line":231,"column":22}},"loc":{"start":{"line":231,"column":35},"end":{"line":233,"column":5}},"line":231},"18":{"name":"(anonymous_18)","decl":{"start":{"line":241,"column":21},"end":{"line":241,"column":22}},"loc":{"start":{"line":241,"column":35},"end":{"line":243,"column":5}},"line":241},"19":{"name":"(anonymous_19)","decl":{"start":{"line":254,"column":16},"end":{"line":254,"column":17}},"loc":{"start":{"line":254,"column":34},"end":{"line":256,"column":5}},"line":254},"20":{"name":"(anonymous_20)","decl":{"start":{"line":265,"column":15},"end":{"line":265,"column":16}},"loc":{"start":{"line":265,"column":33},"end":{"line":267,"column":5}},"line":265},"21":{"name":"(anonymous_21)","decl":{"start":{"line":275,"column":16},"end":{"line":275,"column":17}},"loc":{"start":{"line":275,"column":30},"end":{"line":277,"column":5}},"line":275},"22":{"name":"(anonymous_22)","decl":{"start":{"line":285,"column":16},"end":{"line":285,"column":17}},"loc":{"start":{"line":285,"column":30},"end":{"line":287,"column":5}},"line":285},"23":{"name":"(anonymous_23)","decl":{"start":{"line":296,"column":18},"end":{"line":296,"column":19}},"loc":{"start":{"line":296,"column":29},"end":{"line":303,"column":5}},"line":296},"24":{"name":"(anonymous_24)","decl":{"start":{"line":312,"column":20},"end":{"line":312,"column":21}},"loc":{"start":{"line":312,"column":32},"end":{"line":322,"column":5}},"line":312},"25":{"name":"(anonymous_25)","decl":{"start":{"line":330,"column":20},"end":{"line":330,"column":21}},"loc":{"start":{"line":330,"column":32},"end":{"line":340,"column":5}},"line":330},"26":{"name":"(anonymous_26)","decl":{"start":{"line":350,"column":17},"end":{"line":350,"column":18}},"loc":{"start":{"line":350,"column":34},"end":{"line":369,"column":5}},"line":350},"27":{"name":"(anonymous_27)","decl":{"start":{"line":378,"column":18},"end":{"line":378,"column":19}},"loc":{"start":{"line":378,"column":35},"end":{"line":386,"column":5}},"line":378},"28":{"name":"(anonymous_28)","decl":{"start":{"line":398,"column":24},"end":{"line":398,"column":25}},"loc":{"start":{"line":398,"column":42},"end":{"line":414,"column":5}},"line":398},"29":{"name":"(anonymous_29)","decl":{"start":{"line":425,"column":20},"end":{"line":425,"column":21}},"loc":{"start":{"line":425,"column":38},"end":{"line":433,"column":5}},"line":425},"30":{"name":"(anonymous_30)","decl":{"start":{"line":441,"column":21},"end":{"line":441,"column":22}},"loc":{"start":{"line":441,"column":35},"end":{"line":444,"column":5}},"line":441},"31":{"name":"(anonymous_31)","decl":{"start":{"line":452,"column":21},"end":{"line":452,"column":22}},"loc":{"start":{"line":452,"column":35},"end":{"line":455,"column":5}},"line":452},"32":{"name":"(anonymous_32)","decl":{"start":{"line":463,"column":21},"end":{"line":463,"column":22}},"loc":{"start":{"line":463,"column":35},"end":{"line":466,"column":5}},"line":463},"33":{"name":"(anonymous_33)","decl":{"start":{"line":477,"column":23},"end":{"line":477,"column":24}},"loc":{"start":{"line":477,"column":41},"end":{"line":485,"column":5}},"line":477},"34":{"name":"(anonymous_34)","decl":{"start":{"line":493,"column":24},"end":{"line":493,"column":25}},"loc":{"start":{"line":493,"column":38},"end":{"line":497,"column":5}},"line":493},"35":{"name":"(anonymous_35)","decl":{"start":{"line":505,"column":24},"end":{"line":505,"column":25}},"loc":{"start":{"line":505,"column":38},"end":{"line":509,"column":5}},"line":505},"36":{"name":"(anonymous_36)","decl":{"start":{"line":517,"column":24},"end":{"line":517,"column":25}},"loc":{"start":{"line":517,"column":38},"end":{"line":521,"column":5}},"line":517},"37":{"name":"(anonymous_37)","decl":{"start":{"line":532,"column":19},"end":{"line":532,"column":20}},"loc":{"start":{"line":532,"column":37},"end":{"line":540,"column":5}},"line":532},"38":{"name":"(anonymous_38)","decl":{"start":{"line":548,"column":20},"end":{"line":548,"column":21}},"loc":{"start":{"line":548,"column":34},"end":{"line":552,"column":5}},"line":548},"39":{"name":"(anonymous_39)","decl":{"start":{"line":560,"column":20},"end":{"line":560,"column":21}},"loc":{"start":{"line":560,"column":34},"end":{"line":564,"column":5}},"line":560},"40":{"name":"(anonymous_40)","decl":{"start":{"line":572,"column":20},"end":{"line":572,"column":21}},"loc":{"start":{"line":572,"column":34},"end":{"line":576,"column":5}},"line":572},"41":{"name":"(anonymous_41)","decl":{"start":{"line":586,"column":18},"end":{"line":586,"column":19}},"loc":{"start":{"line":586,"column":36},"end":{"line":593,"column":5}},"line":586},"42":{"name":"(anonymous_42)","decl":{"start":{"line":601,"column":19},"end":{"line":601,"column":20}},"loc":{"start":{"line":601,"column":33},"end":{"line":604,"column":5}},"line":601},"43":{"name":"(anonymous_43)","decl":{"start":{"line":612,"column":19},"end":{"line":612,"column":20}},"loc":{"start":{"line":612,"column":33},"end":{"line":615,"column":5}},"line":612},"44":{"name":"(anonymous_44)","decl":{"start":{"line":624,"column":21},"end":{"line":624,"column":22}},"loc":{"start":{"line":624,"column":35},"end":{"line":629,"column":5}},"line":624},"45":{"name":"(anonymous_45)","decl":{"start":{"line":637,"column":21},"end":{"line":637,"column":22}},"loc":{"start":{"line":637,"column":35},"end":{"line":642,"column":5}},"line":637}},"branchMap":{"0":{"loc":{"start":{"line":16,"column":18},"end":{"line":16,"column":65}},"type":"cond-expr","locations":[{"start":{"line":16,"column":50},"end":{"line":16,"column":56}},{"start":{"line":16,"column":59},"end":{"line":16,"column":65}}],"line":16},"1":{"loc":{"start":{"line":24,"column":16},"end":{"line":26,"column":9}},"type":"binary-expr","locations":[{"start":{"line":24,"column":16},"end":{"line":24,"column":28}},{"start":{"line":24,"column":32},"end":{"line":26,"column":9}}],"line":24},"2":{"loc":{"start":{"line":25,"column":19},"end":{"line":25,"column":84}},"type":"binary-expr","locations":[{"start":{"line":25,"column":20},"end":{"line":25,"column":43}},{"start":{"line":25,"column":47},"end":{"line":25,"column":68}},{"start":{"line":25,"column":73},"end":{"line":25,"column":84}}],"line":25},"3":{"loc":{"start":{"line":36,"column":18},"end":{"line":36,"column":41}},"type":"binary-expr","locations":[{"start":{"line":36,"column":18},"end":{"line":36,"column":21}},{"start":{"line":36,"column":25},"end":{"line":36,"column":41}}],"line":36},"4":{"loc":{"start":{"line":37,"column":12},"end":{"line":39,"column":13}},"type":"if","locations":[{"start":{"line":37,"column":12},"end":{"line":39,"column":13}},{"start":{"line":37,"column":12},"end":{"line":39,"column":13}}],"line":37},"5":{"loc":{"start":{"line":40,"column":12},"end":{"line":42,"column":13}},"type":"if","locations":[{"start":{"line":40,"column":12},"end":{"line":42,"column":13}},{"start":{"line":40,"column":12},"end":{"line":42,"column":13}}],"line":40},"6":{"loc":{"start":{"line":89,"column":8},"end":{"line":91,"column":9}},"type":"if","locations":[{"start":{"line":89,"column":8},"end":{"line":91,"column":9}},{"start":{"line":89,"column":8},"end":{"line":91,"column":9}}],"line":89},"7":{"loc":{"start":{"line":92,"column":8},"end":{"line":96,"column":9}},"type":"if","locations":[{"start":{"line":92,"column":8},"end":{"line":96,"column":9}},{"start":{"line":92,"column":8},"end":{"line":96,"column":9}}],"line":92},"8":{"loc":{"start":{"line":92,"column":12},"end":{"line":92,"column":67}},"type":"binary-expr","locations":[{"start":{"line":92,"column":12},"end":{"line":92,"column":42}},{"start":{"line":92,"column":46},"end":{"line":92,"column":67}}],"line":92},"9":{"loc":{"start":{"line":94,"column":15},"end":{"line":96,"column":9}},"type":"if","locations":[{"start":{"line":94,"column":15},"end":{"line":96,"column":9}},{"start":{"line":94,"column":15},"end":{"line":96,"column":9}}],"line":94},"10":{"loc":{"start":{"line":100,"column":29},"end":{"line":100,"column":82}},"type":"cond-expr","locations":[{"start":{"line":100,"column":36},"end":{"line":100,"column":37}},{"start":{"line":100,"column":40},"end":{"line":100,"column":82}}],"line":100},"11":{"loc":{"start":{"line":316,"column":16},"end":{"line":318,"column":17}},"type":"if","locations":[{"start":{"line":316,"column":16},"end":{"line":318,"column":17}},{"start":{"line":316,"column":16},"end":{"line":318,"column":17}}],"line":316},"12":{"loc":{"start":{"line":334,"column":16},"end":{"line":336,"column":17}},"type":"if","locations":[{"start":{"line":334,"column":16},"end":{"line":336,"column":17}},{"start":{"line":334,"column":16},"end":{"line":336,"column":17}}],"line":334},"13":{"loc":{"start":{"line":399,"column":8},"end":{"line":409,"column":9}},"type":"if","locations":[{"start":{"line":399,"column":8},"end":{"line":409,"column":9}},{"start":{"line":399,"column":8},"end":{"line":409,"column":9}}],"line":399},"14":{"loc":{"start":{"line":400,"column":12},"end":{"line":408,"column":13}},"type":"if","locations":[{"start":{"line":400,"column":12},"end":{"line":408,"column":13}},{"start":{"line":400,"column":12},"end":{"line":408,"column":13}}],"line":400},"15":{"loc":{"start":{"line":410,"column":12},"end":{"line":410,"column":18}},"type":"binary-expr","locations":[{"start":{"line":410,"column":12},"end":{"line":410,"column":13}},{"start":{"line":410,"column":17},"end":{"line":410,"column":18}}],"line":410},"16":{"loc":{"start":{"line":411,"column":12},"end":{"line":411,"column":18}},"type":"binary-expr","locations":[{"start":{"line":411,"column":12},"end":{"line":411,"column":13}},{"start":{"line":411,"column":17},"end":{"line":411,"column":18}}],"line":411},"17":{"loc":{"start":{"line":412,"column":12},"end":{"line":412,"column":18}},"type":"binary-expr","locations":[{"start":{"line":412,"column":12},"end":{"line":412,"column":13}},{"start":{"line":412,"column":17},"end":{"line":412,"column":18}}],"line":412},"18":{"loc":{"start":{"line":625,"column":8},"end":{"line":627,"column":9}},"type":"if","locations":[{"start":{"line":625,"column":8},"end":{"line":627,"column":9}},{"start":{"line":625,"column":8},"end":{"line":627,"column":9}}],"line":625},"19":{"loc":{"start":{"line":638,"column":8},"end":{"line":640,"column":9}},"type":"if","locations":[{"start":{"line":638,"column":8},"end":{"line":640,"column":9}},{"start":{"line":638,"column":8},"end":{"line":640,"column":9}}],"line":638},"20":{"loc":{"start":{"line":650,"column":0},"end":{"line":652,"column":1}},"type":"if","locations":[{"start":{"line":650,"column":0},"end":{"line":652,"column":1}},{"start":{"line":650,"column":0},"end":{"line":652,"column":1}}],"line":650}},"s":{"0":1,"1":1,"2":1,"3":1,"4":0,"5":1,"6":693,"7":693,"8":693,"9":0,"10":693,"11":0,"12":693,"13":693,"14":693,"15":693,"16":1,"17":14,"18":1,"19":14,"20":1,"21":4,"22":87,"23":87,"24":87,"25":87,"26":23,"27":64,"28":11,"29":53,"30":30,"31":64,"32":256,"33":256,"34":1024,"35":1,"36":1,"37":1,"38":1,"39":1,"40":1,"41":1,"42":4,"43":16,"44":1,"45":1,"46":1,"47":1,"48":11,"49":1,"50":0,"51":1,"52":0,"53":1,"54":0,"55":1,"56":0,"57":1,"58":0,"59":1,"60":0,"61":1,"62":0,"63":1,"64":0,"65":1,"66":0,"67":1,"68":0,"69":1,"70":0,"71":1,"72":0,"73":1,"74":0,"75":1,"76":0,"77":1,"78":18,"79":18,"80":18,"81":18,"82":18,"83":18,"84":1,"85":1,"86":1,"87":4,"88":16,"89":0,"90":1,"91":1,"92":0,"93":0,"94":0,"95":0,"96":0,"97":0,"98":1,"99":12,"100":12,"101":12,"102":12,"103":36,"104":108,"105":108,"106":324,"107":108,"108":36,"109":12,"110":36,"111":12,"112":12,"113":1,"114":1,"115":3,"116":9,"117":1,"118":1,"119":5,"120":0,"121":0,"122":0,"123":0,"124":0,"125":0,"126":0,"127":5,"128":5,"129":5,"130":5,"131":1,"132":1,"133":1,"134":1,"135":1,"136":1,"137":2,"138":2,"139":1,"140":2,"141":2,"142":1,"143":3,"144":3,"145":1,"146":1,"147":1,"148":1,"149":1,"150":1,"151":2,"152":2,"153":2,"154":1,"155":2,"156":2,"157":2,"158":1,"159":2,"160":2,"161":2,"162":1,"163":1,"164":1,"165":1,"166":1,"167":1,"168":2,"169":2,"170":2,"171":1,"172":2,"173":2,"174":2,"175":1,"176":2,"177":2,"178":2,"179":1,"180":1,"181":1,"182":1,"183":1,"184":1,"185":2,"186":2,"187":1,"188":2,"189":2,"190":1,"191":1,"192":0,"193":1,"194":1,"195":1,"196":0,"197":1,"198":1,"199":1,"200":1},"f":{"0":1,"1":0,"2":693,"3":14,"4":14,"5":4,"6":87,"7":1,"8":11,"9":0,"10":0,"11":0,"12":0,"13":0,"14":0,"15":0,"16":0,"17":0,"18":0,"19":0,"20":0,"21":0,"22":0,"23":18,"24":1,"25":0,"26":12,"27":1,"28":5,"29":1,"30":2,"31":2,"32":3,"33":1,"34":2,"35":2,"36":2,"37":1,"38":2,"39":2,"40":2,"41":1,"42":2,"43":2,"44":1,"45":1},"b":{"0":[1,0],"1":[1,0],"2":[0,0,0],"3":[693,0],"4":[0,693],"5":[0,693],"6":[23,64],"7":[11,53],"8":[64,46],"9":[30,23],"10":[480,544],"11":[0,16],"12":[0,0],"13":[0,5],"14":[0,0],"15":[5,0],"16":[5,0],"17":[5,1],"18":[0,1],"19":[0,1],"20":[1,0]},"_coverageSchema":"332fd63041d2c1bcb487cc26dd0d5f7d97098a6c","hash":"026dea6f95ae35f32901211c48af83e2d071de27"}
}
